<?xml version="1.0" encoding="UTF-8" ?>
<testsuite failures="0" time="2.221" errors="0" skipped="0" tests="5" name="com.ihome.poi.test.util.ExcelUtilTest">
  <properties>
[...]
</properties>
  <testcase time="0.16" classname="com.ihome.poi.test.util.ExcelUtilTest" name="createHSSFWorkBook"/>
  <testcase time="0" classname="com.ihome.poi.test.util.ExcelUtilTest" name="testList"/>
  <testcase time="1.954" classname="com.ihome.poi.test.util.ExcelUtilTest" name="readExcel"/>
  <testcase time="0.017" classname="com.ihome.poi.test.util.ExcelUtilTest" name="readExcelTemplate"/>
  <testcase time="0.09" classname="com.ihome.poi.test.util.ExcelUtilTest" name="fillDataIntoWorkbook"/>
</testsuite>